<?xml version="1.0" encoding="UTF-8"?>
<coverage generated="1741557197347" clover="3.2.0">
  <project timestamp="1741557197347" name="All files">
    <metrics statements="18" coveredstatements="4" conditionals="8" coveredconditionals="5" methods="6" coveredmethods="1" elements="32" coveredelements="10" complexity="0" loc="18" ncloc="18" packages="1" files="3" classes="3"/>
    <file name="advanced.ts" path="/Users/jennmueng/Documents/code/jest-unit-testing-examples/src/advanced.ts">
      <metrics statements="9" coveredstatements="0" conditionals="1" coveredconditionals="0" methods="5" coveredmethods="0"/>
      <line num="1" count="0" type="stmt"/>
      <line num="15" count="0" type="stmt"/>
      <line num="16" count="0" type="stmt"/>
      <line num="22" count="0" type="stmt"/>
      <line num="23" count="0" type="stmt"/>
      <line num="24" count="0" type="stmt"/>
      <line num="30" count="0" type="cond" truecount="0" falsecount="1"/>
      <line num="31" count="0" type="stmt"/>
      <line num="36" count="0" type="stmt"/>
    </file>
    <file name="index.ts" path="/Users/jennmueng/Documents/code/jest-unit-testing-examples/src/index.ts">
      <metrics statements="4" coveredstatements="0" conditionals="0" coveredconditionals="0" methods="0" coveredmethods="0"/>
      <line num="1" count="0" type="stmt"/>
      <line num="2" count="0" type="stmt"/>
      <line num="5" count="0" type="stmt"/>
      <line num="6" count="0" type="stmt"/>
    </file>
    <file name="simple.ts" path="/Users/jennmueng/Documents/code/jest-unit-testing-examples/src/simple.ts">
      <metrics statements="5" coveredstatements="4" conditionals="7" coveredconditionals="5" methods="1" coveredmethods="1"/>
      <line num="1" count="1" type="stmt"/>
      <line num="3" count="1" type="stmt"/>
      <line num="5" count="1" type="cond" truecount="5" falsecount="2"/>
      <line num="6" count="1" type="stmt"/>
      <line num="9" count="0" type="stmt"/>
    </file>
  </project>
</coverage>
