TN:
SF:src/advanced.ts
FN:14,(anonymous_0)
FN:21,(anonymous_1)
FN:23,(anonymous_2)
FN:24,(anonymous_3)
FN:29,(anonymous_4)
FNF:5
FNH:0
FNDA:0,(anonymous_0)
FNDA:0,(anonymous_1)
FNDA:0,(anonymous_2)
FNDA:0,(anonymous_3)
FNDA:0,(anonymous_4)
DA:1,0
DA:15,0
DA:16,0
DA:22,0
DA:23,0
DA:24,0
DA:30,0
DA:31,0
DA:36,0
LF:9
LH:0
BRDA:30,0,0,0
BRF:1
BRH:0
end_of_record
TN:
SF:src/index.ts
FNF:0
FNH:0
DA:1,0
DA:2,0
DA:5,0
DA:6,0
LF:4
LH:0
BRF:0
BRH:0
end_of_record
TN:
SF:src/simple.ts
FN:3,add
FNF:1
FNH:1
FNDA:1,add
DA:1,1
DA:3,1
DA:5,1
DA:6,1
DA:9,0
LF:5
LH:4
BRDA:5,0,0,1
BRDA:5,1,0,1
BRDA:5,1,1,0
BRDA:5,1,2,1
BRDA:5,1,3,0
BRDA:5,1,4,1
BRDA:5,1,5,1
BRF:7
BRH:5
end_of_record
